<?xml version="1.0" encoding="UTF-8"?>
<!-- Generated by org.testng.reporters.JUnitReportReporter -->
<testsuite hostname="BINTERNS-QA25L" failures="0" tests="9" name="tests.Product_Drop_Down_List_Test" time="18.985" errors="0" timestamp="2023-05-12T16:43:56 IST" skipped="0">
  <testcase classname="tests.Product_Drop_Down_List_Test" name="Login" time="0.013"/>
  <system-out/>
  <testcase classname="tests.Product_Drop_Down_List_Test" name="Dashboard_Heading" time="0.029"/>
  <system-out/>
  <testcase classname="tests.Product_Drop_Down_List_Test" name="Catalog_Icon_Click_and_Product_Page" time="1.335"/>
  <system-out/>
  <testcase classname="tests.Product_Drop_Down_List_Test" name="Add_New_Product_Button" time="6.171"/>
  <system-out/>
  <testcase classname="tests.Product_Drop_Down_List_Test" name="Product_Search_and_Select_Checkbox" time="4.239"/>
  <system-out/>
  <testcase classname="tests.Product_Drop_Down_List_Test" name="Product_image_upload" time="1.234"/>
  <system-out/>
  <testcase classname="tests.Product_Drop_Down_List_Test" name="Product_updated_successfully" time="1.433"/>
  <system-out/>
  <testcase classname="tests.Product_Drop_Down_List_Test" name="Delete_Button" time="2.673"/>
  <system-out/>
  <testcase classname="tests.Product_Drop_Down_List_Test" name="Log_Out" time="1.858"/>
  <system-out/>
</testsuite> <!-- tests.Product_Drop_Down_List_Test -->
