<?xml version="1.0" encoding="UTF-8"?>
<!-- Generated by org.testng.reporters.JUnitReportReporter -->
<testsuite hostname="BINTERNS-QA25L" failures="0" tests="3" name="tests.Orders_Page_Test" time="2.475" errors="0" timestamp="2023-05-11T16:31:20 IST" skipped="0">
  <testcase classname="tests.Orders_Page_Test" name="Login" time="0.041"/>
  <system-out/>
  <testcase classname="tests.Orders_Page_Test" name="Sales_Icon_Click_and_Order_Page" time="2.279"/>
  <system-out/>
  <testcase classname="tests.Orders_Page_Test" name="Date_Selection_and_Product_Search" time="0.155"/>
  <system-out/>
</testsuite> <!-- tests.Orders_Page_Test -->
