<?xml version="1.0" encoding="UTF-8"?>
<!-- Generated by org.testng.reporters.JUnitReportReporter -->
<testsuite hostname="BINTERNS-QA25L" failures="0" tests="1" name="tests.Login_Page_Test" time="4.080" errors="0" timestamp="2023-05-12T16:48:12 IST" skipped="0">
  <testcase classname="tests.Login_Page_Test" name="valid_login" time="4.080"/>
  <system-out/>
</testsuite> <!-- tests.Login_Page_Test -->
